This file contains any messages produced by compilers while
running configure, to aid debugging if configure makes a mistake.

It was created by with-readline configure 0.1.1, which was
generated by GNU Autoconf 2.69.  Invocation command line was

  $ ./configure 

## --------- ##
## Platform. ##
## --------- ##

hostname = brillig
uname -m = x86_64
uname -r = 3.13.0-36-generic
uname -s = Linux
uname -v = #63-Ubuntu SMP Wed Sep 3 21:30:07 UTC 2014

/usr/bin/uname -p = unknown
/bin/uname -X     = unknown

/bin/arch              = unknown
/usr/bin/arch -k       = unknown
/usr/convex/getsysinfo = unknown
/usr/bin/hostinfo      = unknown
/bin/machine           = unknown
/usr/bin/oslevel       = unknown
/bin/universe          = unknown

PATH: /Apps/instantclient/instantclient_12_1
PATH: /Apps/node-v0.10.26-linux-x64/bin
PATH: /Apps/phantomjs/bin
PATH: /Apps/Oracle/product/11.2.0/client_1
PATH: /Apps/Oracle/Middleware/user_projects/domains/primavera
PATH: /Apps/WebStorm-135.547/bin
PATH: /Apps/jdk1.7.0_17/bin
PATH: /Apps/apache-ant-1.8.2/bin
PATH: .
PATH: /home/robinschaufler/bin
PATH: /home/robinschaufler/bin
PATH: /usr/local/sbin
PATH: /usr/local/bin
PATH: /usr/sbin
PATH: /usr/bin
PATH: /sbin
PATH: /bin
PATH: /usr/games
PATH: /usr/local/games


## ----------- ##
## Core tests. ##
## ----------- ##

configure:2248: checking for a BSD-compatible install
configure:2316: result: /usr/bin/install -c
configure:2327: checking whether build environment is sane
configure:2377: result: yes
configure:2518: checking for a thread-safe mkdir -p
configure:2557: result: /bin/mkdir -p
configure:2570: checking for gawk
configure:2600: result: no
configure:2570: checking for mawk
configure:2586: found /usr/bin/mawk
configure:2597: result: mawk
configure:2608: checking whether make sets $(MAKE)
configure:2630: result: yes
configure:2718: checking build system type
configure:2732: result: x86_64-unknown-linux-gnu
configure:2752: checking host system type
configure:2765: result: x86_64-unknown-linux-gnu
configure:2845: checking for gcc
configure:2861: found /usr/bin/gcc
configure:2872: result: gcc
configure:3101: checking for C compiler version
configure:3110: gcc --version >&5
gcc (Ubuntu 4.8.2-19ubuntu1) 4.8.2
Copyright (C) 2013 Free Software Foundation, Inc.
This is free software; see the source for copying conditions.  There is NO
warranty; not even for MERCHANTABILITY or FITNESS FOR A PARTICULAR PURPOSE.

configure:3121: $? = 0
configure:3110: gcc -v >&5
Using built-in specs.
COLLECT_GCC=gcc
COLLECT_LTO_WRAPPER=/usr/lib/gcc/x86_64-linux-gnu/4.8/lto-wrapper
Target: x86_64-linux-gnu
Configured with: ../src/configure -v --with-pkgversion='Ubuntu 4.8.2-19ubuntu1' --with-bugurl=file:///usr/share/doc/gcc-4.8/README.Bugs --enable-languages=c,c++,java,go,d,fortran,objc,obj-c++ --prefix=/usr --program-suffix=-4.8 --enable-shared --enable-linker-build-id --libexecdir=/usr/lib --without-included-gettext --enable-threads=posix --with-gxx-include-dir=/usr/include/c++/4.8 --libdir=/usr/lib --enable-nls --with-sysroot=/ --enable-clocale=gnu --enable-libstdcxx-debug --enable-libstdcxx-time=yes --enable-gnu-unique-object --disable-libmudflap --enable-plugin --with-system-zlib --disable-browser-plugin --enable-java-awt=gtk --enable-gtk-cairo --with-java-home=/usr/lib/jvm/java-1.5.0-gcj-4.8-amd64/jre --enable-java-home --with-jvm-root-dir=/usr/lib/jvm/java-1.5.0-gcj-4.8-amd64 --with-jvm-jar-dir=/usr/lib/jvm-exports/java-1.5.0-gcj-4.8-amd64 --with-arch-directory=amd64 --with-ecj-jar=/usr/share/java/eclipse-ecj.jar --enable-objc-gc --enable-multiarch --disable-werror --with-arch-32=i686 --with-abi=m64 --with-multilib-list=m32,m64,mx32 --with-tune=generic --enable-checking=release --build=x86_64-linux-gnu --host=x86_64-linux-gnu --target=x86_64-linux-gnu
Thread model: posix
gcc version 4.8.2 (Ubuntu 4.8.2-19ubuntu1) 
configure:3121: $? = 0
configure:3110: gcc -V >&5
gcc: error: unrecognized command line option '-V'
gcc: fatal error: no input files
compilation terminated.
configure:3121: $? = 4
configure:3110: gcc -qversion >&5
gcc: error: unrecognized command line option '-qversion'
gcc: fatal error: no input files
compilation terminated.
configure:3121: $? = 4
configure:3141: checking whether the C compiler works
configure:3163: gcc    conftest.c  >&5
configure:3167: $? = 0
configure:3215: result: yes
configure:3218: checking for C compiler default output file name
configure:3220: result: a.out
configure:3226: checking for suffix of executables
configure:3233: gcc -o conftest    conftest.c  >&5
configure:3237: $? = 0
configure:3259: result: 
configure:3281: checking whether we are cross compiling
configure:3289: gcc -o conftest    conftest.c  >&5
configure:3293: $? = 0
configure:3300: ./conftest
configure:3304: $? = 0
configure:3319: result: no
configure:3324: checking for suffix of object files
configure:3346: gcc -c   conftest.c >&5
configure:3350: $? = 0
configure:3371: result: o
configure:3375: checking whether we are using the GNU C compiler
configure:3394: gcc -c   conftest.c >&5
configure:3394: $? = 0
configure:3403: result: yes
configure:3412: checking whether gcc accepts -g
configure:3432: gcc -c -g  conftest.c >&5
configure:3432: $? = 0
configure:3473: result: yes
configure:3490: checking for gcc option to accept ISO C89
configure:3553: gcc  -c -g -O2  conftest.c >&5
configure:3553: $? = 0
configure:3566: result: none needed
configure:3597: checking for style of include used by make
configure:3625: result: GNU
configure:3651: checking dependency style of gcc
configure:3762: result: gcc3
configure:3777: checking whether make sets $(MAKE)
configure:3799: result: yes
configure:3837: checking for tputs in -lcurses
configure:3862: gcc -o conftest -g -O2   conftest.c -lcurses   >&5
/usr/bin/ld: cannot find -lcurses
collect2: error: ld returned 1 exit status
configure:3862: $? = 1
configure: failed program was:
| /* confdefs.h */
| #define PACKAGE_NAME "with-readline"
| #define PACKAGE_TARNAME "with-readline"
| #define PACKAGE_VERSION "0.1.1"
| #define PACKAGE_STRING "with-readline 0.1.1"
| #define PACKAGE_BUGREPORT "richard+withreadline@sfere.greenend.org.uk"
| #define PACKAGE_URL ""
| #define PACKAGE "with-readline"
| #define VERSION "0.1.1"
| #define NO_STREAMS 1
| #define _GNU_SOURCE 1
| #define _XOPEN_SOURCE 600
| #define _DARWIN_C_SOURCE 1
| /* end confdefs.h.  */
| 
| /* Override any GCC internal prototype to avoid an error.
|    Use char because int might match the return type of a GCC
|    builtin and then its argument prototype would still apply.  */
| #ifdef __cplusplus
| extern "C"
| #endif
| char tputs ();
| int
| main ()
| {
| return tputs ();
|   ;
|   return 0;
| }
configure:3871: result: no
configure:3884: checking for readline in -lreadline
configure:3909: gcc -o conftest -g -O2   conftest.c -lreadline   >&5
configure:3909: $? = 0
configure:3918: result: yes
configure:3927: checking for openpty in -lutil
configure:3952: gcc -o conftest -g -O2   conftest.c -lutil   >&5
configure:3952: $? = 0
configure:3961: result: yes
configure:3983: checking how to run the C preprocessor
configure:4014: gcc -E  conftest.c
configure:4014: $? = 0
configure:4028: gcc -E  conftest.c
conftest.c:16:28: fatal error: ac_nonexistent.h: No such file or directory
 #include <ac_nonexistent.h>
                            ^
compilation terminated.
configure:4028: $? = 1
configure: failed program was:
| /* confdefs.h */
| #define PACKAGE_NAME "with-readline"
| #define PACKAGE_TARNAME "with-readline"
| #define PACKAGE_VERSION "0.1.1"
| #define PACKAGE_STRING "with-readline 0.1.1"
| #define PACKAGE_BUGREPORT "richard+withreadline@sfere.greenend.org.uk"
| #define PACKAGE_URL ""
| #define PACKAGE "with-readline"
| #define VERSION "0.1.1"
| #define NO_STREAMS 1
| #define _GNU_SOURCE 1
| #define _XOPEN_SOURCE 600
| #define _DARWIN_C_SOURCE 1
| #define HAVE_LIBUTIL 1
| /* end confdefs.h.  */
| #include <ac_nonexistent.h>
configure:4053: result: gcc -E
configure:4073: gcc -E  conftest.c
configure:4073: $? = 0
configure:4087: gcc -E  conftest.c
conftest.c:16:28: fatal error: ac_nonexistent.h: No such file or directory
 #include <ac_nonexistent.h>
                            ^
compilation terminated.
configure:4087: $? = 1
configure: failed program was:
| /* confdefs.h */
| #define PACKAGE_NAME "with-readline"
| #define PACKAGE_TARNAME "with-readline"
| #define PACKAGE_VERSION "0.1.1"
| #define PACKAGE_STRING "with-readline 0.1.1"
| #define PACKAGE_BUGREPORT "richard+withreadline@sfere.greenend.org.uk"
| #define PACKAGE_URL ""
| #define PACKAGE "with-readline"
| #define VERSION "0.1.1"
| #define NO_STREAMS 1
| #define _GNU_SOURCE 1
| #define _XOPEN_SOURCE 600
| #define _DARWIN_C_SOURCE 1
| #define HAVE_LIBUTIL 1
| /* end confdefs.h.  */
| #include <ac_nonexistent.h>
configure:4116: checking for grep that handles long lines and -e
configure:4174: result: /bin/grep
configure:4179: checking for egrep
configure:4241: result: /bin/grep -E
configure:4246: checking for ANSI C header files
configure:4266: gcc -c -g -O2  conftest.c >&5
configure:4266: $? = 0
configure:4339: gcc -o conftest -g -O2   conftest.c -lutil  >&5
configure:4339: $? = 0
configure:4339: ./conftest
configure:4339: $? = 0
configure:4350: result: yes
configure:4363: checking for sys/types.h
configure:4363: gcc -c -g -O2  conftest.c >&5
configure:4363: $? = 0
configure:4363: result: yes
configure:4363: checking for sys/stat.h
configure:4363: gcc -c -g -O2  conftest.c >&5
configure:4363: $? = 0
configure:4363: result: yes
configure:4363: checking for stdlib.h
configure:4363: gcc -c -g -O2  conftest.c >&5
configure:4363: $? = 0
configure:4363: result: yes
configure:4363: checking for string.h
configure:4363: gcc -c -g -O2  conftest.c >&5
configure:4363: $? = 0
configure:4363: result: yes
configure:4363: checking for memory.h
configure:4363: gcc -c -g -O2  conftest.c >&5
configure:4363: $? = 0
configure:4363: result: yes
configure:4363: checking for strings.h
configure:4363: gcc -c -g -O2  conftest.c >&5
configure:4363: $? = 0
configure:4363: result: yes
configure:4363: checking for inttypes.h
configure:4363: gcc -c -g -O2  conftest.c >&5
configure:4363: $? = 0
configure:4363: result: yes
configure:4363: checking for stdint.h
configure:4363: gcc -c -g -O2  conftest.c >&5
configure:4363: $? = 0
configure:4363: result: yes
configure:4363: checking for unistd.h
configure:4363: gcc -c -g -O2  conftest.c >&5
configure:4363: $? = 0
configure:4363: result: yes
configure:4377: checking readline/readline.h usability
configure:4377: gcc -c -g -O2  conftest.c >&5
configure:4377: $? = 0
configure:4377: result: yes
configure:4377: checking readline/readline.h presence
configure:4377: gcc -E  conftest.c
configure:4377: $? = 0
configure:4377: result: yes
configure:4377: checking for readline/readline.h
configure:4377: result: yes
configure:4394: checking pty.h usability
configure:4394: gcc -c -g -O2  conftest.c >&5
configure:4394: $? = 0
configure:4394: result: yes
configure:4394: checking pty.h presence
configure:4394: gcc -E  conftest.c
configure:4394: $? = 0
configure:4394: result: yes
configure:4394: checking for pty.h
configure:4394: result: yes
configure:4394: checking util.h usability
configure:4394: gcc -c -g -O2  conftest.c >&5
conftest.c:61:18: fatal error: util.h: No such file or directory
 #include <util.h>
                  ^
compilation terminated.
configure:4394: $? = 1
configure: failed program was:
| /* confdefs.h */
| #define PACKAGE_NAME "with-readline"
| #define PACKAGE_TARNAME "with-readline"
| #define PACKAGE_VERSION "0.1.1"
| #define PACKAGE_STRING "with-readline 0.1.1"
| #define PACKAGE_BUGREPORT "richard+withreadline@sfere.greenend.org.uk"
| #define PACKAGE_URL ""
| #define PACKAGE "with-readline"
| #define VERSION "0.1.1"
| #define NO_STREAMS 1
| #define _GNU_SOURCE 1
| #define _XOPEN_SOURCE 600
| #define _DARWIN_C_SOURCE 1
| #define HAVE_LIBUTIL 1
| #define STDC_HEADERS 1
| #define HAVE_SYS_TYPES_H 1
| #define HAVE_SYS_STAT_H 1
| #define HAVE_STDLIB_H 1
| #define HAVE_STRING_H 1
| #define HAVE_MEMORY_H 1
| #define HAVE_STRINGS_H 1
| #define HAVE_INTTYPES_H 1
| #define HAVE_STDINT_H 1
| #define HAVE_UNISTD_H 1
| #define HAVE_READLINE_READLINE_H 1
| #define HAVE_PTY_H 1
| /* end confdefs.h.  */
| #include <stdio.h>
| #ifdef HAVE_SYS_TYPES_H
| # include <sys/types.h>
| #endif
| #ifdef HAVE_SYS_STAT_H
| # include <sys/stat.h>
| #endif
| #ifdef STDC_HEADERS
| # include <stdlib.h>
| # include <stddef.h>
| #else
| # ifdef HAVE_STDLIB_H
| #  include <stdlib.h>
| # endif
| #endif
| #ifdef HAVE_STRING_H
| # if !defined STDC_HEADERS && defined HAVE_MEMORY_H
| #  include <memory.h>
| # endif
| # include <string.h>
| #endif
| #ifdef HAVE_STRINGS_H
| # include <strings.h>
| #endif
| #ifdef HAVE_INTTYPES_H
| # include <inttypes.h>
| #endif
| #ifdef HAVE_STDINT_H
| # include <stdint.h>
| #endif
| #ifdef HAVE_UNISTD_H
| # include <unistd.h>
| #endif
| #include <util.h>
configure:4394: result: no
configure:4394: checking util.h presence
configure:4394: gcc -E  conftest.c
conftest.c:28:18: fatal error: util.h: No such file or directory
 #include <util.h>
                  ^
compilation terminated.
configure:4394: $? = 1
configure: failed program was:
| /* confdefs.h */
| #define PACKAGE_NAME "with-readline"
| #define PACKAGE_TARNAME "with-readline"
| #define PACKAGE_VERSION "0.1.1"
| #define PACKAGE_STRING "with-readline 0.1.1"
| #define PACKAGE_BUGREPORT "richard+withreadline@sfere.greenend.org.uk"
| #define PACKAGE_URL ""
| #define PACKAGE "with-readline"
| #define VERSION "0.1.1"
| #define NO_STREAMS 1
| #define _GNU_SOURCE 1
| #define _XOPEN_SOURCE 600
| #define _DARWIN_C_SOURCE 1
| #define HAVE_LIBUTIL 1
| #define STDC_HEADERS 1
| #define HAVE_SYS_TYPES_H 1
| #define HAVE_SYS_STAT_H 1
| #define HAVE_STDLIB_H 1
| #define HAVE_STRING_H 1
| #define HAVE_MEMORY_H 1
| #define HAVE_STRINGS_H 1
| #define HAVE_INTTYPES_H 1
| #define HAVE_STDINT_H 1
| #define HAVE_UNISTD_H 1
| #define HAVE_READLINE_READLINE_H 1
| #define HAVE_PTY_H 1
| /* end confdefs.h.  */
| #include <util.h>
configure:4394: result: no
configure:4394: checking for util.h
configure:4394: result: no
configure:4394: checking stropts.h usability
configure:4394: gcc -c -g -O2  conftest.c >&5
configure:4394: $? = 0
configure:4394: result: yes
configure:4394: checking stropts.h presence
configure:4394: gcc -E  conftest.c
configure:4394: $? = 0
configure:4394: result: yes
configure:4394: checking for stropts.h
configure:4394: result: yes
configure:4409: checking for an ANSI C-conforming const
configure:4475: gcc -c -g -O2  conftest.c >&5
configure:4475: $? = 0
configure:4482: result: yes
configure:4490: checking for size_t
configure:4490: gcc -c -g -O2  conftest.c >&5
configure:4490: $? = 0
configure:4490: gcc -c -g -O2  conftest.c >&5
conftest.c: In function 'main':
conftest.c:65:21: error: expected expression before ')' token
 if (sizeof ((size_t)))
                     ^
configure:4490: $? = 1
configure: failed program was:
| /* confdefs.h */
| #define PACKAGE_NAME "with-readline"
| #define PACKAGE_TARNAME "with-readline"
| #define PACKAGE_VERSION "0.1.1"
| #define PACKAGE_STRING "with-readline 0.1.1"
| #define PACKAGE_BUGREPORT "richard+withreadline@sfere.greenend.org.uk"
| #define PACKAGE_URL ""
| #define PACKAGE "with-readline"
| #define VERSION "0.1.1"
| #define NO_STREAMS 1
| #define _GNU_SOURCE 1
| #define _XOPEN_SOURCE 600
| #define _DARWIN_C_SOURCE 1
| #define HAVE_LIBUTIL 1
| #define STDC_HEADERS 1
| #define HAVE_SYS_TYPES_H 1
| #define HAVE_SYS_STAT_H 1
| #define HAVE_STDLIB_H 1
| #define HAVE_STRING_H 1
| #define HAVE_MEMORY_H 1
| #define HAVE_STRINGS_H 1
| #define HAVE_INTTYPES_H 1
| #define HAVE_STDINT_H 1
| #define HAVE_UNISTD_H 1
| #define HAVE_READLINE_READLINE_H 1
| #define HAVE_PTY_H 1
| #define HAVE_STROPTS_H 1
| /* end confdefs.h.  */
| #include <stdio.h>
| #ifdef HAVE_SYS_TYPES_H
| # include <sys/types.h>
| #endif
| #ifdef HAVE_SYS_STAT_H
| # include <sys/stat.h>
| #endif
| #ifdef STDC_HEADERS
| # include <stdlib.h>
| # include <stddef.h>
| #else
| # ifdef HAVE_STDLIB_H
| #  include <stdlib.h>
| # endif
| #endif
| #ifdef HAVE_STRING_H
| # if !defined STDC_HEADERS && defined HAVE_MEMORY_H
| #  include <memory.h>
| # endif
| # include <string.h>
| #endif
| #ifdef HAVE_STRINGS_H
| # include <strings.h>
| #endif
| #ifdef HAVE_INTTYPES_H
| # include <inttypes.h>
| #endif
| #ifdef HAVE_STDINT_H
| # include <stdint.h>
| #endif
| #ifdef HAVE_UNISTD_H
| # include <unistd.h>
| #endif
| int
| main ()
| {
| if (sizeof ((size_t)))
| 	    return 0;
|   ;
|   return 0;
| }
configure:4490: result: yes
configure:4501: checking for inline
configure:4517: gcc -c -g -O2  conftest.c >&5
configure:4517: $? = 0
configure:4525: result: inline
configure:4547: checking for getopt_long
configure:4547: gcc -o conftest -g -O2   conftest.c -lutil  >&5
configure:4547: $? = 0
configure:4547: result: yes
configure:4576: checking for grantpt
configure:4576: gcc -o conftest -g -O2   conftest.c -lutil  >&5
configure:4576: $? = 0
configure:4576: result: yes
configure:4576: checking for unlockpt
configure:4576: gcc -o conftest -g -O2   conftest.c -lutil  >&5
configure:4576: $? = 0
configure:4576: result: yes
configure:4576: checking for ptsname
configure:4576: gcc -o conftest -g -O2   conftest.c -lutil  >&5
configure:4576: $? = 0
configure:4576: result: yes
configure:4576: checking for openpty
configure:4576: gcc -o conftest -g -O2   conftest.c -lutil  >&5
configure:4576: $? = 0
configure:4576: result: yes
configure:4585: checking for strsignal
configure:4585: gcc -o conftest -g -O2   conftest.c -lutil  >&5
configure:4585: $? = 0
configure:4585: result: yes
configure:4600: checking pseudo-terminal acquisition model
configure:4615: result: unix98
configure:4619: checking for posix_openpt
configure:4619: gcc -o conftest -g -O2   conftest.c -lutil  >&5
configure:4619: $? = 0
configure:4619: result: yes
configure:4636: checking how to acquire a new master pseudo-terminal
configure:4656: result: use posix_openpt
configure:4692: checking checking whether -Wredundant-decls is OK
configure:4713: gcc -Wall -W -Wpointer-arith -Wbad-function-cast 	-Wwrite-strings -Wmissing-prototypes 	-Wmissing-declarations -Wnested-externs  -Wredundant-decls -c -g -O2  conftest.c >&5
configure:4713: $? = 0
configure:4721: result: yes
configure:4727: checking checking whether -Wshadow is OK
configure:4748: gcc -Wall -W -Wpointer-arith -Wbad-function-cast 	-Wwrite-strings -Wmissing-prototypes 	-Wmissing-declarations -Wnested-externs  -Wredundant-decls -Wshadow -c -g -O2  conftest.c >&5
conftest.c:40:31: fatal error: vorbis/vorbisfile.h: No such file or directory
 #include <vorbis/vorbisfile.h>
                               ^
compilation terminated.
configure:4748: $? = 1
configure: failed program was:
| /* confdefs.h */
| #define PACKAGE_NAME "with-readline"
| #define PACKAGE_TARNAME "with-readline"
| #define PACKAGE_VERSION "0.1.1"
| #define PACKAGE_STRING "with-readline 0.1.1"
| #define PACKAGE_BUGREPORT "richard+withreadline@sfere.greenend.org.uk"
| #define PACKAGE_URL ""
| #define PACKAGE "with-readline"
| #define VERSION "0.1.1"
| #define NO_STREAMS 1
| #define _GNU_SOURCE 1
| #define _XOPEN_SOURCE 600
| #define _DARWIN_C_SOURCE 1
| #define HAVE_LIBUTIL 1
| #define STDC_HEADERS 1
| #define HAVE_SYS_TYPES_H 1
| #define HAVE_SYS_STAT_H 1
| #define HAVE_STDLIB_H 1
| #define HAVE_STRING_H 1
| #define HAVE_MEMORY_H 1
| #define HAVE_STRINGS_H 1
| #define HAVE_INTTYPES_H 1
| #define HAVE_STDINT_H 1
| #define HAVE_UNISTD_H 1
| #define HAVE_READLINE_READLINE_H 1
| #define HAVE_PTY_H 1
| #define HAVE_STROPTS_H 1
| #define HAVE_GETOPT_LONG 1
| #define HAVE_GRANTPT 1
| #define HAVE_UNLOCKPT 1
| #define HAVE_PTSNAME 1
| #define HAVE_OPENPTY 1
| #define HAVE_STRSIGNAL 1
| #define HAVE_POSIX_OPENPT 1
| #define PTY_UNIX98 1
| #define PTMX_PATH "use posix_openpt"
| /* end confdefs.h.  */
| 
| #include <unistd.h>
| #include <vorbis/vorbisfile.h>
| 
| int
| main ()
| {
| 
|   ;
|   return 0;
| }
configure:4756: result: no
configure:4902: creating ./config.status

## ---------------------- ##
## Running config.status. ##
## ---------------------- ##

This file was extended by with-readline config.status 0.1.1, which was
generated by GNU Autoconf 2.69.  Invocation command line was

  CONFIG_FILES    = 
  CONFIG_HEADERS  = 
  CONFIG_LINKS    = 
  CONFIG_COMMANDS = 
  $ ./config.status 

on brillig

config.status:876: creating Makefile
config.status:876: creating config.h
config.status:1105: executing depfiles commands

## ---------------- ##
## Cache variables. ##
## ---------------- ##

ac_cv_build=x86_64-unknown-linux-gnu
ac_cv_c_compiler_gnu=yes
ac_cv_c_const=yes
ac_cv_c_inline=inline
ac_cv_env_CC_set=
ac_cv_env_CC_value=
ac_cv_env_CFLAGS_set=
ac_cv_env_CFLAGS_value=
ac_cv_env_CPPFLAGS_set=
ac_cv_env_CPPFLAGS_value=
ac_cv_env_CPP_set=
ac_cv_env_CPP_value=
ac_cv_env_LDFLAGS_set=
ac_cv_env_LDFLAGS_value=
ac_cv_env_LIBS_set=
ac_cv_env_LIBS_value=
ac_cv_env_build_alias_set=
ac_cv_env_build_alias_value=
ac_cv_env_host_alias_set=
ac_cv_env_host_alias_value=
ac_cv_env_target_alias_set=
ac_cv_env_target_alias_value=
ac_cv_func_getopt_long=yes
ac_cv_func_grantpt=yes
ac_cv_func_openpty=yes
ac_cv_func_posix_openpt=yes
ac_cv_func_ptsname=yes
ac_cv_func_strsignal=yes
ac_cv_func_unlockpt=yes
ac_cv_header_inttypes_h=yes
ac_cv_header_memory_h=yes
ac_cv_header_pty_h=yes
ac_cv_header_readline_readline_h=yes
ac_cv_header_stdc=yes
ac_cv_header_stdint_h=yes
ac_cv_header_stdlib_h=yes
ac_cv_header_string_h=yes
ac_cv_header_strings_h=yes
ac_cv_header_stropts_h=yes
ac_cv_header_sys_stat_h=yes
ac_cv_header_sys_types_h=yes
ac_cv_header_unistd_h=yes
ac_cv_header_util_h=no
ac_cv_host=x86_64-unknown-linux-gnu
ac_cv_lib_curses_tputs=no
ac_cv_lib_readline_readline=yes
ac_cv_lib_util_openpty=yes
ac_cv_objext=o
ac_cv_path_EGREP='/bin/grep -E'
ac_cv_path_GREP=/bin/grep
ac_cv_path_install='/usr/bin/install -c'
ac_cv_path_mkdir=/bin/mkdir
ac_cv_prog_AWK=mawk
ac_cv_prog_CPP='gcc -E'
ac_cv_prog_ac_ct_CC=gcc
ac_cv_prog_cc_c89=
ac_cv_prog_cc_g=yes
ac_cv_prog_make_make_set=yes
ac_cv_type_size_t=yes
am_cv_CC_dependencies_compiler_type=gcc3
rjk_cv_ptmx='use posix_openpt'
rjk_cv_pty_how=unix98
rjk_cv_redundant_decls=yes
rjk_cv_shadow=no

## ----------------- ##
## Output variables. ##
## ----------------- ##

ACLOCAL='${SHELL} /home/robinschaufler/bin/with-readline-0.1.1/config.aux/missing --run aclocal-1.11'
AMDEPBACKSLASH='\'
AMDEP_FALSE='#'
AMDEP_TRUE=''
AMTAR='$${TAR-tar}'
AUTOCONF='${SHELL} /home/robinschaufler/bin/with-readline-0.1.1/config.aux/missing --run autoconf'
AUTOHEADER='${SHELL} /home/robinschaufler/bin/with-readline-0.1.1/config.aux/missing --run autoheader'
AUTOMAKE='${SHELL} /home/robinschaufler/bin/with-readline-0.1.1/config.aux/missing --run automake-1.11'
AWK='mawk'
CC='gcc -Wall -W -Wpointer-arith -Wbad-function-cast 	-Wwrite-strings -Wmissing-prototypes 	-Wmissing-declarations -Wnested-externs  -Wredundant-decls'
CCDEPMODE='depmode=gcc3'
CFLAGS='-g -O2'
CPP='gcc -E'
CPPFLAGS=''
CYGPATH_W='echo'
DEFS='-DHAVE_CONFIG_H'
DEPDIR='.deps'
ECHO_C=''
ECHO_N='-n'
ECHO_T=''
EGREP='/bin/grep -E'
EXEEXT=''
GREP='/bin/grep'
INSTALL_DATA='${INSTALL} -m 644'
INSTALL_PROGRAM='${INSTALL}'
INSTALL_SCRIPT='${INSTALL}'
INSTALL_STRIP_PROGRAM='$(install_sh) -c -s'
LDFLAGS=''
LIBOBJS=''
LIBREADLINE='-lreadline'
LIBS='-lutil '
LTLIBOBJS=''
MAKEINFO='${SHELL} /home/robinschaufler/bin/with-readline-0.1.1/config.aux/missing --run makeinfo'
MKDIR_P='/bin/mkdir -p'
OBJEXT='o'
PACKAGE='with-readline'
PACKAGE_BUGREPORT='richard+withreadline@sfere.greenend.org.uk'
PACKAGE_NAME='with-readline'
PACKAGE_STRING='with-readline 0.1.1'
PACKAGE_TARNAME='with-readline'
PACKAGE_URL=''
PACKAGE_VERSION='0.1.1'
PATH_SEPARATOR=':'
SETUID_FALSE=''
SETUID_TRUE='#'
SET_MAKE=''
SHELL='/bin/bash'
STRIP=''
VERSION='0.1.1'
ac_ct_CC='gcc'
am__EXEEXT_FALSE=''
am__EXEEXT_TRUE='#'
am__fastdepCC_FALSE='#'
am__fastdepCC_TRUE=''
am__include='include'
am__isrc=''
am__leading_dot='.'
am__nodep='_no'
am__quote=''
am__tar='$${TAR-tar} chof - "$$tardir"'
am__untar='$${TAR-tar} xf -'
bindir='${exec_prefix}/bin'
build='x86_64-unknown-linux-gnu'
build_alias=''
build_cpu='x86_64'
build_os='linux-gnu'
build_vendor='unknown'
datadir='${datarootdir}'
datarootdir='${prefix}/share'
docdir='${datarootdir}/doc/${PACKAGE_TARNAME}'
dvidir='${docdir}'
exec_prefix='${prefix}'
host='x86_64-unknown-linux-gnu'
host_alias=''
host_cpu='x86_64'
host_os='linux-gnu'
host_vendor='unknown'
htmldir='${docdir}'
includedir='${prefix}/include'
infodir='${datarootdir}/info'
install_sh='${SHELL} /home/robinschaufler/bin/with-readline-0.1.1/config.aux/install-sh'
libdir='${exec_prefix}/lib'
libexecdir='${exec_prefix}/libexec'
localedir='${datarootdir}/locale'
localstatedir='${prefix}/var'
mandir='${datarootdir}/man'
mkdir_p='/bin/mkdir -p'
oldincludedir='/usr/include'
pdfdir='${docdir}'
prefix='/usr/local'
program_transform_name='s,x,x,'
psdir='${docdir}'
sbindir='${exec_prefix}/sbin'
sharedstatedir='${prefix}/com'
sysconfdir='${prefix}/etc'
target_alias=''

## ----------- ##
## confdefs.h. ##
## ----------- ##

/* confdefs.h */
#define PACKAGE_NAME "with-readline"
#define PACKAGE_TARNAME "with-readline"
#define PACKAGE_VERSION "0.1.1"
#define PACKAGE_STRING "with-readline 0.1.1"
#define PACKAGE_BUGREPORT "richard+withreadline@sfere.greenend.org.uk"
#define PACKAGE_URL ""
#define PACKAGE "with-readline"
#define VERSION "0.1.1"
#define NO_STREAMS 1
#define _GNU_SOURCE 1
#define _XOPEN_SOURCE 600
#define _DARWIN_C_SOURCE 1
#define HAVE_LIBUTIL 1
#define STDC_HEADERS 1
#define HAVE_SYS_TYPES_H 1
#define HAVE_SYS_STAT_H 1
#define HAVE_STDLIB_H 1
#define HAVE_STRING_H 1
#define HAVE_MEMORY_H 1
#define HAVE_STRINGS_H 1
#define HAVE_INTTYPES_H 1
#define HAVE_STDINT_H 1
#define HAVE_UNISTD_H 1
#define HAVE_READLINE_READLINE_H 1
#define HAVE_PTY_H 1
#define HAVE_STROPTS_H 1
#define HAVE_GETOPT_LONG 1
#define HAVE_GRANTPT 1
#define HAVE_UNLOCKPT 1
#define HAVE_PTSNAME 1
#define HAVE_OPENPTY 1
#define HAVE_STRSIGNAL 1
#define HAVE_POSIX_OPENPT 1
#define PTY_UNIX98 1
#define PTMX_PATH "use posix_openpt"

configure: exit 0
